
> banana-prototype-agent@0.1.0 dev
> next dev -p 3000

  ▲ Next.js 14.2.35
  - Local:        http://localhost:3000

 ✓ Starting...
 ✓ Ready in 11.9s
 ○ Compiling / ...
 ⨯ ./app/page.tsx
Error: 
  [31mx[0m Unexpected token `main`. Expected jsx identifier
    ,-[[36;1;4m/home/admin_ffrancois_altostrat_com/Desktop/Antigravity projects/apps/web/app/page.tsx[0m:56:1]
 [2m56[0m |     };
 [2m57[0m | 
 [2m58[0m |     return (
 [2m59[0m |         <main className="flex flex-col min-h-screen bg-white relative">
    : [31;1m         ^^^^[0m
 [2m60[0m | 
 [2m61[0m |             {/* Top Nav / Branding */}
 [2m62[0m |             <div className="p-6 flex items-center justify-between">
    `----

Caused by:
    Syntax Error

Import trace for requested module:
./app/page.tsx
 ⨯ ./app/page.tsx
Error: 
  [31mx[0m Unexpected token `main`. Expected jsx identifier
    ,-[[36;1;4m/home/admin_ffrancois_altostrat_com/Desktop/Antigravity projects/apps/web/app/page.tsx[0m:56:1]
 [2m56[0m |     };
 [2m57[0m | 
 [2m58[0m |     return (
 [2m59[0m |         <main className="flex flex-col min-h-screen bg-white relative">
    : [31;1m         ^^^^[0m
 [2m60[0m | 
 [2m61[0m |             {/* Top Nav / Branding */}
 [2m62[0m |             <div className="p-6 flex items-center justify-between">
    `----

Caused by:
    Syntax Error

Import trace for requested module:
./app/page.tsx
 ⨯ ./app/page.tsx
Error: 
  [31mx[0m Unexpected token `main`. Expected jsx identifier
    ,-[[36;1;4m/home/admin_ffrancois_altostrat_com/Desktop/Antigravity projects/apps/web/app/page.tsx[0m:56:1]
 [2m56[0m |     };
 [2m57[0m | 
 [2m58[0m |     return (
 [2m59[0m |         <main className="flex flex-col min-h-screen bg-white relative">
    : [31;1m         ^^^^[0m
 [2m60[0m | 
 [2m61[0m |             {/* Top Nav / Branding */}
 [2m62[0m |             <div className="p-6 flex items-center justify-between">
    `----

Caused by:
    Syntax Error

Import trace for requested module:
./app/page.tsx
 GET / 500 in 49113ms
 GET / 500 in 141ms
 ✓ Compiled /_not-found in 3.9s (673 modules)
 ⚠ Fast Refresh had to perform a full reload due to a runtime error.
 GET /_next/static/webpack/24a42dbab2cb2188.webpack.hot-update.json 404 in 3836ms
 ○ Compiling / ...
 ✓ Compiled / in 4.2s (700 modules)
 ⚠ Fast Refresh had to perform a full reload due to a runtime error.
 GET /_next/static/webpack/24a42dbab2cb2188.webpack.hot-update.json 404 in 519ms
 GET / 200 in 5276ms
 GET / 200 in 174ms
 GET / 200 in 162ms
 GET / 200 in 100ms
 GET / 200 in 107ms
 GET / 200 in 94ms
 ⨯ ./app/page.tsx:5:1
Module not found: Can't resolve 'react-markdown'
[0m [90m 3 |[39m [36mimport[39m { useState[33m,[39m useRef[33m,[39m useEffect } [36mfrom[39m [32m"react"[39m[33m;[39m[0m
[0m [90m 4 |[39m [36mimport[39m { [33mSend[39m[33m,[39m [33mLoader2[39m[33m,[39m [33mSettings[39m[33m,[39m [33mTrash2[39m[33m,[39m [33mCheckCircle[39m[33m,[39m [33mXCircle[39m } [36mfrom[39m [32m"lucide-react"[39m[33m;[39m[0m
[0m[31m[1m>[22m[39m[90m 5 |[39m [36mimport[39m [33mReactMarkdown[39m [36mfrom[39m [32m'react-markdown'[39m[33m;[39m[0m
[0m [90m   |[39m [31m[1m^[22m[39m[0m
[0m [90m 6 |[39m[0m
[0m [90m 7 |[39m [36minterface[39m [33mMessage[39m {[0m
[0m [90m 8 |[39m     role[33m:[39m [32m"user"[39m [33m|[39m [32m"assistant"[39m[33m;[39m[0m

https://nextjs.org/docs/messages/module-not-found
 ✓ Compiled in 12.6s (1038 modules)
 ○ Compiling /_not-found ...
 ✓ Compiled /_not-found in 961ms (1041 modules)
 GET / 404 in 1442ms
 GET /_next/static/css/app/layout.css?v=1769811940441 404 in 166ms
 GET /_next/static/chunks/main-app.js?v=1769811940441 404 in 170ms
 GET /_next/static/chunks/app-pages-internals.js 404 in 171ms
 GET / 200 in 535ms
 GET /_next/static/css/app/layout.css?v=1769811964930 404 in 363ms
 GET /_next/static/chunks/main-app.js?v=1769811964930 404 in 391ms
 GET /_next/static/chunks/app-pages-internals.js 404 in 384ms
 GET /_next/static/chunks/app/page.js 404 in 384ms
 GET / 200 in 121ms
 GET /_next/static/css/app/layout.css?v=1769811996503 404 in 150ms
 GET /_next/static/chunks/main-app.js?v=1769811996503 404 in 252ms
 GET /_next/static/chunks/app-pages-internals.js 404 in 257ms
 GET /_next/static/chunks/app/page.js 404 in 262ms
 GET / 200 in 157ms
 GET /_next/static/css/app/layout.css?v=1769812025577 404 in 117ms
 GET /_next/static/chunks/main-app.js?v=1769812025577 404 in 168ms
 GET /_next/static/chunks/app-pages-internals.js 404 in 164ms
 GET /_next/static/chunks/app/page.js 404 in 157ms
 GET / 200 in 73ms
 GET /_next/static/css/app/layout.css?v=1769812058004 404 in 186ms
 GET /_next/static/chunks/main-app.js?v=1769812058004 404 in 186ms
 GET /_next/static/chunks/app-pages-internals.js 404 in 185ms
 GET /_next/static/chunks/app/page.js 404 in 184ms
 GET /?t=123456 200 in 72ms
 GET /_next/static/css/app/layout.css?v=1769812109734 404 in 277ms
 GET /_next/static/chunks/main-app.js?v=1769812109734 404 in 263ms
 GET /_next/static/chunks/app-pages-internals.js 404 in 273ms
 GET /_next/static/chunks/app/page.js 404 in 269ms
 GET / 200 in 81ms
 GET /_next/static/css/app/layout.css?v=1769812189576 404 in 216ms
 GET /_next/static/media/e4af272ccee01ff0-s.p.woff2 404 in 442ms
 GET /_next/static/chunks/main-app.js?v=1769812189576 404 in 325ms
 GET /_next/static/chunks/app-pages-internals.js 404 in 305ms
 GET /_next/static/chunks/app/page.js 404 in 285ms
 GET / 200 in 86ms
 GET /_next/static/css/app/layout.css?v=1769812557932 404 in 173ms
 GET /_next/static/chunks/main-app.js?v=1769812557932 404 in 205ms
 GET /_next/static/chunks/app/page.js 404 in 204ms
 GET /_next/static/chunks/app-pages-internals.js 404 in 214ms
 GET / 404 in 66ms
 GET / 404 in 52ms
 GET / 404 in 42ms
 GET / 404 in 59ms
 GET / 404 in 38ms
 GET / 404 in 27ms
 GET / 404 in 28ms
 GET / 404 in 30ms
 GET / 404 in 41ms
 GET / 404 in 33ms
 GET / 404 in 44ms
 GET / 404 in 19ms
 GET / 404 in 32ms
 GET / 404 in 27ms
 GET / 404 in 33ms
 GET / 404 in 26ms
 GET / 404 in 18ms
 GET / 404 in 35ms
 GET / 404 in 29ms
 GET / 404 in 17ms
 GET / 404 in 28ms
 GET / 404 in 25ms
 GET / 404 in 31ms
 GET / 404 in 24ms
 GET / 404 in 25ms
 GET / 404 in 28ms
 GET / 404 in 36ms
 GET / 404 in 53ms
 GET / 404 in 25ms
 GET / 404 in 24ms
 GET / 404 in 45ms
 GET / 404 in 45ms
 GET / 404 in 40ms
 GET / 404 in 22ms
 GET / 404 in 43ms
 GET / 404 in 38ms
 GET / 404 in 29ms
 GET / 404 in 16ms
 GET / 404 in 45ms
 GET / 404 in 40ms
 GET / 404 in 44ms
 GET / 404 in 21ms
 GET / 404 in 51ms
 GET / 404 in 29ms
 GET / 404 in 25ms
 GET / 404 in 32ms
 GET / 404 in 52ms
 GET / 404 in 23ms
 GET / 404 in 35ms
 GET / 404 in 34ms
 GET / 404 in 24ms
 GET / 404 in 50ms
 GET / 404 in 41ms
 GET / 404 in 37ms
 GET / 404 in 28ms
 GET / 404 in 30ms
 GET / 404 in 33ms
 GET / 404 in 20ms
 GET / 404 in 30ms
 GET / 404 in 26ms
 GET / 404 in 18ms
 GET / 404 in 20ms
 GET / 404 in 18ms
 GET / 404 in 27ms
 GET / 404 in 49ms
 GET / 404 in 32ms
 GET / 404 in 64ms
 GET / 404 in 32ms
 GET / 404 in 29ms
 GET / 404 in 31ms
 GET / 404 in 21ms
 GET / 404 in 25ms
 GET / 404 in 38ms
 GET / 404 in 32ms
 GET / 404 in 31ms
 GET / 404 in 63ms
 GET / 404 in 9ms
 GET / 404 in 43ms
 GET / 404 in 32ms
 GET / 404 in 29ms
 GET / 404 in 30ms
 GET / 404 in 19ms
 GET / 404 in 67ms
 GET / 404 in 36ms
 GET / 404 in 31ms
 GET / 404 in 25ms
 GET / 404 in 42ms
 GET / 200 in 64ms
 GET / 200 in 118ms
 GET / 200 in 64ms
 GET / 200 in 79ms
 ○ Compiling /_not-found ...
 ✓ Compiled /_not-found in 15.9s (1041 modules)
 GET /_next/static/webpack/ef1c5ef66ef9d10f.webpack.hot-update.json 404 in 7489ms
 ⚠ Fast Refresh had to perform a full reload. Read more: https://nextjs.org/docs/messages/fast-refresh-reload
 GET / 200 in 438ms
 GET / 200 in 90ms
 GET / 200 in 94ms
 GET / 200 in 98ms
 GET / 200 in 116ms
 GET / 200 in 148ms
 ⚠ Fast Refresh had to perform a full reload due to a runtime error.
 ⚠ Fast Refresh had to perform a full reload due to a runtime error.
 ⚠ Fast Refresh had to perform a full reload due to a runtime error.
 ⚠ Fast Refresh had to perform a full reload due to a runtime error.
 ⚠ Fast Refresh had to perform a full reload due to a runtime error.
 ⚠ Fast Refresh had to perform a full reload due to a runtime error.
 ✓ Compiled in 7.6s (1038 modules)
 ⚠ Fast Refresh had to perform a full reload due to a runtime error.
 ⨯ app/page.tsx (204:34) @ handleConnect
 ⨯ ReferenceError: handleConnect is not defined
    at Home (./app/page.tsx:350:34)
digest: "1216732561"
[0m [90m 202 |[39m                     [33m<[39m[33m/[39m[33mdiv[39m[33m>[39m[0m
[0m [90m 203 |[39m                     [33m<[39m[33mbutton[39m[0m
[0m[31m[1m>[22m[39m[90m 204 |[39m                         onClick[33m=[39m{handleConnect}[0m
[0m [90m     |[39m                                  [31m[1m^[22m[39m[0m
[0m [90m 205 |[39m                         disabled[33m=[39m{isConfigured}[0m
[0m [90m 206 |[39m                         className[33m=[39m[32m"px-4 py-2 bg-blue-600 text-white rounded-lg text-sm font-medium hover:bg-blue-700 disabled:opacity-50 disabled:cursor-not-allowed transition-colors"[39m[0m
[0m [90m 207 |[39m                     [33m>[39m[0m
 GET / 500 in 6991ms
 ⨯ app/page.tsx (204:34) @ handleConnect
 ⨯ ReferenceError: handleConnect is not defined
    at Home (./app/page.tsx:350:34)
digest: "1216732561"
[0m [90m 202 |[39m                     [33m<[39m[33m/[39m[33mdiv[39m[33m>[39m[0m
[0m [90m 203 |[39m                     [33m<[39m[33mbutton[39m[0m
[0m[31m[1m>[22m[39m[90m 204 |[39m                         onClick[33m=[39m{handleConnect}[0m
[0m [90m     |[39m                                  [31m[1m^[22m[39m[0m
[0m [90m 205 |[39m                         disabled[33m=[39m{isConfigured}[0m
[0m [90m 206 |[39m                         className[33m=[39m[32m"px-4 py-2 bg-blue-600 text-white rounded-lg text-sm font-medium hover:bg-blue-700 disabled:opacity-50 disabled:cursor-not-allowed transition-colors"[39m[0m
[0m [90m 207 |[39m                     [33m>[39m[0m
 GET / 500 in 406ms
 ⨯ app/page.tsx (204:34) @ handleConnect
 ⨯ ReferenceError: handleConnect is not defined
    at Home (./app/page.tsx:350:34)
digest: "1216732561"
[0m [90m 202 |[39m                     [33m<[39m[33m/[39m[33mdiv[39m[33m>[39m[0m
[0m [90m 203 |[39m                     [33m<[39m[33mbutton[39m[0m
[0m[31m[1m>[22m[39m[90m 204 |[39m                         onClick[33m=[39m{handleConnect}[0m
[0m [90m     |[39m                                  [31m[1m^[22m[39m[0m
[0m [90m 205 |[39m                         disabled[33m=[39m{isConfigured}[0m
[0m [90m 206 |[39m                         className[33m=[39m[32m"px-4 py-2 bg-blue-600 text-white rounded-lg text-sm font-medium hover:bg-blue-700 disabled:opacity-50 disabled:cursor-not-allowed transition-colors"[39m[0m
[0m [90m 207 |[39m                     [33m>[39m[0m
 GET / 500 in 679ms
 ⨯ app/page.tsx (204:34) @ handleConnect
 ⨯ ReferenceError: handleConnect is not defined
    at Home (./app/page.tsx:350:34)
digest: "1216732561"
[0m [90m 202 |[39m                     [33m<[39m[33m/[39m[33mdiv[39m[33m>[39m[0m
[0m [90m 203 |[39m                     [33m<[39m[33mbutton[39m[0m
[0m[31m[1m>[22m[39m[90m 204 |[39m                         onClick[33m=[39m{handleConnect}[0m
[0m [90m     |[39m                                  [31m[1m^[22m[39m[0m
[0m [90m 205 |[39m                         disabled[33m=[39m{isConfigured}[0m
[0m [90m 206 |[39m                         className[33m=[39m[32m"px-4 py-2 bg-blue-600 text-white rounded-lg text-sm font-medium hover:bg-blue-700 disabled:opacity-50 disabled:cursor-not-allowed transition-colors"[39m[0m
[0m [90m 207 |[39m                     [33m>[39m[0m
 GET / 500 in 556ms
 ⨯ app/page.tsx (204:34) @ handleConnect
 ⨯ ReferenceError: handleConnect is not defined
    at Home (./app/page.tsx:350:34)
digest: "1216732561"
[0m [90m 202 |[39m                     [33m<[39m[33m/[39m[33mdiv[39m[33m>[39m[0m
[0m [90m 203 |[39m                     [33m<[39m[33mbutton[39m[0m
[0m[31m[1m>[22m[39m[90m 204 |[39m                         onClick[33m=[39m{handleConnect}[0m
[0m [90m     |[39m                                  [31m[1m^[22m[39m[0m
[0m [90m 205 |[39m                         disabled[33m=[39m{isConfigured}[0m
[0m [90m 206 |[39m                         className[33m=[39m[32m"px-4 py-2 bg-blue-600 text-white rounded-lg text-sm font-medium hover:bg-blue-700 disabled:opacity-50 disabled:cursor-not-allowed transition-colors"[39m[0m
[0m [90m 207 |[39m                     [33m>[39m[0m
 GET / 500 in 431ms
 ⨯ app/page.tsx (204:34) @ handleConnect
 ⨯ ReferenceError: handleConnect is not defined
    at Home (./app/page.tsx:350:34)
digest: "1216732561"
[0m [90m 202 |[39m                     [33m<[39m[33m/[39m[33mdiv[39m[33m>[39m[0m
[0m [90m 203 |[39m                     [33m<[39m[33mbutton[39m[0m
[0m[31m[1m>[22m[39m[90m 204 |[39m                         onClick[33m=[39m{handleConnect}[0m
[0m [90m     |[39m                                  [31m[1m^[22m[39m[0m
[0m [90m 205 |[39m                         disabled[33m=[39m{isConfigured}[0m
[0m [90m 206 |[39m                         className[33m=[39m[32m"px-4 py-2 bg-blue-600 text-white rounded-lg text-sm font-medium hover:bg-blue-700 disabled:opacity-50 disabled:cursor-not-allowed transition-colors"[39m[0m
[0m [90m 207 |[39m                     [33m>[39m[0m
 GET / 500 in 510ms
 ⨯ app/page.tsx (204:34) @ handleConnect
 ⨯ ReferenceError: handleConnect is not defined
    at Home (./app/page.tsx:350:34)
digest: "1216732561"
[0m [90m 202 |[39m                     [33m<[39m[33m/[39m[33mdiv[39m[33m>[39m[0m
[0m [90m 203 |[39m                     [33m<[39m[33mbutton[39m[0m
[0m[31m[1m>[22m[39m[90m 204 |[39m                         onClick[33m=[39m{handleConnect}[0m
[0m [90m     |[39m                                  [31m[1m^[22m[39m[0m
[0m [90m 205 |[39m                         disabled[33m=[39m{isConfigured}[0m
[0m [90m 206 |[39m                         className[33m=[39m[32m"px-4 py-2 bg-blue-600 text-white rounded-lg text-sm font-medium hover:bg-blue-700 disabled:opacity-50 disabled:cursor-not-allowed transition-colors"[39m[0m
[0m [90m 207 |[39m                     [33m>[39m[0m
 GET / 500 in 544ms
 ⨯ app/page.tsx (204:34) @ handleConnect
 ⨯ ReferenceError: handleConnect is not defined
    at Home (./app/page.tsx:350:34)
digest: "1216732561"
[0m [90m 202 |[39m                     [33m<[39m[33m/[39m[33mdiv[39m[33m>[39m[0m
[0m [90m 203 |[39m                     [33m<[39m[33mbutton[39m[0m
[0m[31m[1m>[22m[39m[90m 204 |[39m                         onClick[33m=[39m{handleConnect}[0m
[0m [90m     |[39m                                  [31m[1m^[22m[39m[0m
[0m [90m 205 |[39m                         disabled[33m=[39m{isConfigured}[0m
[0m [90m 206 |[39m                         className[33m=[39m[32m"px-4 py-2 bg-blue-600 text-white rounded-lg text-sm font-medium hover:bg-blue-700 disabled:opacity-50 disabled:cursor-not-allowed transition-colors"[39m[0m
[0m [90m 207 |[39m                     [33m>[39m[0m
 GET / 500 in 157ms
 ⨯ app/page.tsx (204:34) @ handleConnect
 ⨯ ReferenceError: handleConnect is not defined
    at Home (./app/page.tsx:350:34)
digest: "1216732561"
[0m [90m 202 |[39m                     [33m<[39m[33m/[39m[33mdiv[39m[33m>[39m[0m
[0m [90m 203 |[39m                     [33m<[39m[33mbutton[39m[0m
[0m[31m[1m>[22m[39m[90m 204 |[39m                         onClick[33m=[39m{handleConnect}[0m
[0m [90m     |[39m                                  [31m[1m^[22m[39m[0m
[0m [90m 205 |[39m                         disabled[33m=[39m{isConfigured}[0m
[0m [90m 206 |[39m                         className[33m=[39m[32m"px-4 py-2 bg-blue-600 text-white rounded-lg text-sm font-medium hover:bg-blue-700 disabled:opacity-50 disabled:cursor-not-allowed transition-colors"[39m[0m
[0m [90m 207 |[39m                     [33m>[39m[0m
 GET / 500 in 118ms
 ⨯ app/page.tsx (204:34) @ handleConnect
 ⨯ ReferenceError: handleConnect is not defined
    at Home (./app/page.tsx:350:34)
digest: "1216732561"
[0m [90m 202 |[39m                     [33m<[39m[33m/[39m[33mdiv[39m[33m>[39m[0m
[0m [90m 203 |[39m                     [33m<[39m[33mbutton[39m[0m
[0m[31m[1m>[22m[39m[90m 204 |[39m                         onClick[33m=[39m{handleConnect}[0m
[0m [90m     |[39m                                  [31m[1m^[22m[39m[0m
[0m [90m 205 |[39m                         disabled[33m=[39m{isConfigured}[0m
[0m [90m 206 |[39m                         className[33m=[39m[32m"px-4 py-2 bg-blue-600 text-white rounded-lg text-sm font-medium hover:bg-blue-700 disabled:opacity-50 disabled:cursor-not-allowed transition-colors"[39m[0m
[0m [90m 207 |[39m                     [33m>[39m[0m
 GET / 500 in 162ms
 ⨯ app/page.tsx (204:34) @ handleConnect
 ⨯ ReferenceError: handleConnect is not defined
    at Home (./app/page.tsx:350:34)
digest: "1216732561"
[0m [90m 202 |[39m                     [33m<[39m[33m/[39m[33mdiv[39m[33m>[39m[0m
[0m [90m 203 |[39m                     [33m<[39m[33mbutton[39m[0m
[0m[31m[1m>[22m[39m[90m 204 |[39m                         onClick[33m=[39m{handleConnect}[0m
[0m [90m     |[39m                                  [31m[1m^[22m[39m[0m
[0m [90m 205 |[39m                         disabled[33m=[39m{isConfigured}[0m
[0m [90m 206 |[39m                         className[33m=[39m[32m"px-4 py-2 bg-blue-600 text-white rounded-lg text-sm font-medium hover:bg-blue-700 disabled:opacity-50 disabled:cursor-not-allowed transition-colors"[39m[0m
[0m [90m 207 |[39m                     [33m>[39m[0m
 GET / 500 in 114ms
 ○ Compiling /_not-found ...
 ✓ Compiled /_not-found in 5.8s (1041 modules)
 ⚠ Fast Refresh had to perform a full reload due to a runtime error.
 GET /_next/static/webpack/f575ff65bce87e9d.webpack.hot-update.json 404 in 5154ms
 GET / 200 in 345ms
 GET / 200 in 42ms
 GET / 200 in 80ms
 GET / 200 in 89ms
 GET / 200 in 95ms
 GET / 200 in 106ms
 GET / 404 in 41ms
 GET / 404 in 134ms
 GET / 404 in 27ms
 GET / 404 in 45ms
 GET / 404 in 14ms
 GET / 404 in 37ms
 GET / 404 in 31ms
 GET / 404 in 17ms
 GET / 404 in 39ms
 GET / 404 in 13ms
 GET / 404 in 259ms
 GET / 404 in 86ms
 GET / 404 in 209ms
 GET / 404 in 41ms
 GET / 404 in 34ms
 GET / 404 in 39ms
 GET / 404 in 35ms
 GET / 404 in 20ms
 GET / 404 in 26ms
 GET / 404 in 22ms
 GET / 404 in 23ms
 GET / 404 in 37ms
 GET / 404 in 22ms
 GET / 404 in 31ms
 GET / 404 in 38ms
 GET / 404 in 20ms
 GET / 404 in 17ms
 GET / 404 in 31ms
 GET / 404 in 27ms
 GET / 404 in 20ms
 GET / 404 in 25ms
 GET / 404 in 21ms
 GET / 404 in 37ms
 GET / 404 in 31ms
 GET / 404 in 21ms
 GET / 404 in 33ms
 GET / 404 in 23ms
 GET / 404 in 18ms
 GET / 404 in 25ms
 GET / 404 in 29ms
 GET / 404 in 36ms
 GET / 404 in 25ms
 GET / 404 in 31ms
 GET / 404 in 22ms
 GET / 404 in 28ms
 GET / 404 in 25ms
 GET / 404 in 19ms
 GET / 404 in 19ms
 GET / 404 in 39ms
 GET / 404 in 23ms
 GET / 404 in 18ms
 GET / 404 in 20ms
 GET / 404 in 16ms
 GET / 404 in 24ms
 GET / 404 in 32ms
 GET / 404 in 13ms
 GET / 404 in 21ms
 GET / 404 in 12ms
 GET / 404 in 17ms
 GET / 404 in 17ms
 GET / 404 in 18ms
 GET / 404 in 19ms
 GET / 404 in 18ms
 GET / 404 in 25ms
 GET / 404 in 20ms
 GET / 404 in 28ms
 GET / 404 in 24ms
 GET / 404 in 15ms
 GET / 404 in 26ms
 GET / 404 in 22ms
 GET / 404 in 17ms
 GET / 404 in 24ms
 GET / 404 in 35ms
 GET / 404 in 17ms
 GET / 404 in 17ms
 GET / 404 in 35ms
 GET / 404 in 16ms
 GET / 404 in 16ms
 GET / 404 in 26ms
 GET / 404 in 17ms
 GET / 404 in 21ms
 GET / 404 in 27ms
 GET / 404 in 14ms
 GET / 404 in 22ms
 GET / 404 in 43ms
 GET / 404 in 22ms
 GET / 404 in 15ms
 GET / 404 in 17ms
 GET / 404 in 17ms
 GET / 404 in 20ms
 GET / 404 in 40ms
 GET / 404 in 20ms
 GET / 404 in 23ms
 GET / 404 in 27ms
 GET / 404 in 21ms
 GET / 404 in 41ms
 GET / 404 in 32ms
 GET / 404 in 18ms
 GET / 404 in 47ms
 GET / 404 in 31ms
 GET / 404 in 17ms
 GET / 404 in 26ms
 GET / 404 in 18ms
 GET / 404 in 19ms
 GET / 404 in 23ms
 GET / 404 in 37ms
 GET / 404 in 14ms
 GET / 404 in 25ms
 GET / 404 in 23ms
 GET / 404 in 16ms
 GET / 404 in 28ms
 GET / 404 in 20ms
 GET / 404 in 21ms
 GET / 404 in 34ms
 GET / 404 in 24ms
 GET / 404 in 17ms
 GET / 404 in 24ms
 GET / 404 in 18ms
 GET / 404 in 16ms
 GET / 404 in 19ms
 GET / 404 in 34ms
 GET / 404 in 23ms
 GET / 404 in 30ms
 GET / 404 in 23ms
 GET / 404 in 13ms
 GET / 404 in 27ms
 GET / 404 in 20ms
 GET / 404 in 18ms
 GET / 404 in 20ms
 GET / 404 in 29ms
 GET / 404 in 26ms
 GET / 404 in 22ms
 GET / 404 in 22ms
 GET / 404 in 12ms
 GET / 404 in 22ms
 GET / 404 in 27ms
 GET / 404 in 27ms
 GET / 404 in 15ms
 GET / 404 in 27ms
 GET / 404 in 15ms
 GET / 404 in 33ms
 GET / 404 in 25ms
 GET / 404 in 18ms
 GET / 404 in 24ms
 GET / 404 in 29ms
 GET / 404 in 14ms
 GET / 404 in 19ms
 GET / 404 in 22ms
 GET / 404 in 17ms
 GET / 404 in 18ms
 GET / 404 in 23ms
 GET / 404 in 17ms
 GET / 404 in 19ms
 GET / 404 in 23ms
 GET / 404 in 15ms
 GET / 404 in 13ms
 GET / 404 in 15ms
 GET / 404 in 17ms
 GET / 404 in 20ms
 GET / 404 in 25ms
 GET / 404 in 18ms
 GET / 404 in 25ms
 GET / 404 in 22ms
 GET / 404 in 12ms
 GET / 404 in 22ms
 GET / 404 in 35ms
 GET / 404 in 15ms
 GET / 404 in 17ms
 GET / 404 in 20ms
 GET / 404 in 15ms
 GET / 404 in 19ms
 GET / 404 in 19ms
 GET / 404 in 16ms
 GET / 404 in 26ms
 GET / 404 in 22ms
 GET / 404 in 14ms
 GET / 404 in 21ms
 GET / 404 in 20ms
 GET / 404 in 16ms
 GET / 404 in 18ms
 GET / 404 in 18ms
 GET / 404 in 13ms
 GET / 404 in 17ms
 GET / 404 in 18ms
 GET / 404 in 24ms
 GET / 404 in 26ms
 GET / 404 in 25ms
 GET / 404 in 19ms
 GET / 404 in 15ms
 GET / 404 in 21ms
 GET / 404 in 16ms
 GET / 404 in 19ms
 GET / 404 in 20ms
 GET / 404 in 13ms
 GET / 404 in 19ms
 GET / 404 in 18ms
 GET / 404 in 18ms
 GET / 404 in 19ms
 GET / 404 in 22ms
 GET / 404 in 12ms
 GET / 404 in 18ms
 GET / 404 in 20ms
 GET / 404 in 12ms
 GET / 404 in 17ms
 GET / 404 in 18ms
 GET / 404 in 18ms
 GET / 404 in 15ms
 GET / 404 in 28ms
 GET / 404 in 14ms
 GET / 404 in 26ms
 GET / 404 in 28ms
 GET / 404 in 21ms
 GET / 404 in 22ms
 GET / 404 in 17ms
 GET / 404 in 12ms
 GET / 404 in 20ms
 GET / 404 in 21ms
 GET / 404 in 21ms
 GET / 404 in 32ms
 GET / 404 in 26ms
 GET / 404 in 21ms
 GET / 404 in 17ms
 GET / 404 in 23ms
 GET / 404 in 14ms
 GET / 404 in 18ms
 GET / 404 in 19ms
 GET / 404 in 19ms
 GET / 404 in 22ms
 GET / 404 in 16ms
 GET / 404 in 14ms
 GET / 404 in 23ms
 GET / 404 in 19ms
 GET / 404 in 12ms
 GET / 404 in 18ms
 GET / 404 in 20ms
 GET / 404 in 21ms
 GET / 404 in 18ms
 GET / 404 in 32ms
 GET / 404 in 15ms
 GET / 404 in 24ms
 GET / 404 in 22ms
 GET / 404 in 14ms
 GET / 404 in 22ms
 GET / 404 in 31ms
 GET / 404 in 19ms
 GET / 404 in 23ms
 GET / 404 in 24ms
 GET / 404 in 18ms
 GET / 404 in 14ms
 GET / 404 in 17ms
 GET / 404 in 12ms
 GET / 404 in 20ms
 GET / 404 in 20ms
 GET / 404 in 14ms
 GET / 404 in 22ms
 GET / 404 in 23ms
 GET / 404 in 16ms
 GET / 404 in 28ms
 GET / 404 in 36ms
 GET / 404 in 12ms
 GET / 404 in 19ms
 GET / 404 in 29ms
 GET / 404 in 13ms
 GET / 404 in 17ms
 GET / 404 in 30ms
 GET / 404 in 19ms
 GET / 404 in 32ms
 GET / 404 in 10ms
 GET / 404 in 15ms
 GET / 404 in 18ms
 GET / 404 in 31ms
 GET / 404 in 22ms
 GET / 404 in 25ms
 GET / 404 in 25ms
 GET / 404 in 17ms
 GET / 404 in 31ms
 GET / 404 in 21ms
 GET / 404 in 13ms
 GET / 404 in 21ms
 GET / 404 in 36ms
 GET / 404 in 15ms
 GET / 404 in 16ms
 GET / 404 in 25ms
 GET / 404 in 20ms
 GET / 404 in 18ms
 GET / 404 in 19ms
 GET / 404 in 19ms
 GET / 404 in 21ms
 GET / 404 in 27ms
 GET / 404 in 20ms
 GET / 404 in 28ms
 GET / 404 in 16ms
 GET / 404 in 13ms
 GET / 404 in 25ms
 GET / 404 in 29ms
 GET / 404 in 20ms
 GET / 404 in 20ms
 GET / 404 in 16ms
 GET / 404 in 18ms
 GET / 404 in 22ms
 GET / 404 in 18ms
 GET / 404 in 39ms
 GET / 404 in 35ms
 GET / 404 in 21ms
 GET / 404 in 22ms
 GET / 404 in 23ms
 GET / 404 in 17ms
 GET / 404 in 19ms
 GET / 404 in 25ms
 GET / 404 in 24ms
 GET / 404 in 16ms
 GET / 404 in 18ms
 GET / 404 in 37ms
 GET / 404 in 13ms
 GET / 404 in 14ms
 GET / 404 in 20ms
 GET / 404 in 19ms
 GET / 404 in 26ms
 GET / 404 in 32ms
 GET / 404 in 17ms
 GET / 404 in 24ms
 GET / 404 in 27ms
 GET / 404 in 18ms
 GET / 404 in 24ms
 GET / 404 in 21ms
 GET / 404 in 17ms
 GET / 404 in 15ms
 GET / 404 in 23ms
 GET / 404 in 16ms
 GET / 404 in 18ms
 GET / 404 in 21ms
 GET / 404 in 20ms
 GET / 404 in 18ms
 GET / 404 in 26ms
 GET / 404 in 12ms
 GET / 404 in 16ms
 GET / 404 in 22ms
 GET / 404 in 18ms
 GET / 404 in 26ms
 GET / 404 in 20ms
 GET / 404 in 13ms
 GET / 404 in 20ms
 GET / 404 in 25ms
 GET / 404 in 13ms
 GET / 404 in 16ms
 GET / 404 in 38ms
 GET / 404 in 20ms
 GET / 404 in 16ms
 GET / 404 in 28ms
 GET / 404 in 19ms
 GET / 404 in 20ms
 GET / 404 in 27ms
 GET / 404 in 19ms
 GET / 404 in 25ms
 GET / 404 in 23ms
 GET / 404 in 16ms
 GET / 404 in 36ms
 GET / 404 in 20ms
 GET / 404 in 13ms
 GET / 404 in 28ms
 GET / 404 in 19ms
 GET / 404 in 19ms
 GET / 404 in 17ms
 GET / 404 in 27ms
 GET / 404 in 15ms
 GET / 404 in 23ms
 GET / 404 in 23ms
 GET / 404 in 28ms
 GET / 404 in 14ms
 GET / 404 in 25ms
 GET / 404 in 16ms
 GET / 404 in 24ms
 GET / 404 in 21ms
 GET / 404 in 12ms
 GET / 404 in 28ms
 GET / 404 in 16ms
 GET / 404 in 15ms
 GET / 404 in 22ms
 GET / 404 in 18ms
 GET / 404 in 20ms
 GET / 404 in 17ms
 GET / 404 in 26ms
 GET / 404 in 22ms
 GET / 404 in 23ms
 GET / 404 in 19ms
 GET / 404 in 16ms
 GET / 404 in 18ms
 GET / 404 in 20ms
 GET / 404 in 25ms
 GET / 404 in 13ms
 GET / 404 in 18ms
 GET / 404 in 16ms
 GET / 404 in 23ms
 GET / 404 in 26ms
 GET / 404 in 22ms
 GET / 404 in 25ms
 GET / 404 in 20ms
 GET / 404 in 16ms
 GET / 404 in 35ms
 GET / 404 in 32ms
 GET / 404 in 20ms
 GET / 404 in 19ms
 GET / 404 in 24ms
 GET / 404 in 13ms
 GET / 404 in 23ms
 GET / 404 in 35ms
 GET / 404 in 20ms
 GET / 404 in 33ms
 GET / 404 in 28ms
 GET / 404 in 19ms
 GET / 404 in 12ms
 GET / 404 in 24ms
 GET / 404 in 18ms
 GET / 404 in 43ms
 GET / 404 in 26ms
 GET / 404 in 12ms
 GET / 404 in 22ms
 GET / 404 in 22ms
 GET / 404 in 17ms
 GET / 404 in 22ms
 GET / 404 in 20ms
 GET / 404 in 17ms
 GET / 404 in 21ms
 GET / 404 in 21ms
 GET / 404 in 19ms
 GET / 404 in 23ms
 GET / 404 in 17ms
 GET / 404 in 15ms
 GET / 404 in 23ms
 GET / 404 in 22ms
 GET / 404 in 14ms
 GET / 404 in 21ms
 GET / 404 in 21ms
 GET / 404 in 14ms
 GET / 404 in 19ms
 GET / 404 in 37ms
 GET / 404 in 25ms
 GET / 404 in 18ms
 GET / 404 in 15ms
 GET / 404 in 19ms
 GET / 404 in 29ms
 GET / 404 in 24ms
 GET / 404 in 13ms
 GET / 404 in 27ms
 GET / 404 in 24ms
 GET / 404 in 19ms
 GET / 404 in 17ms
 GET / 404 in 19ms
 GET / 404 in 13ms
 GET / 404 in 41ms
 GET / 404 in 29ms
 GET / 404 in 20ms
 GET / 404 in 23ms
 GET / 404 in 31ms
 GET / 404 in 17ms
 GET / 404 in 40ms
 GET / 404 in 30ms
 GET / 404 in 15ms
 GET / 404 in 21ms
 GET / 404 in 22ms
 GET / 404 in 28ms
 GET / 404 in 20ms
 GET / 404 in 41ms
 GET / 404 in 26ms
 GET / 404 in 34ms
 GET / 404 in 19ms
 GET / 404 in 13ms
 GET / 404 in 23ms
 GET / 404 in 20ms
 GET / 404 in 20ms
 GET / 404 in 26ms
 GET / 404 in 23ms
 GET / 404 in 17ms
 GET / 404 in 17ms
 GET / 404 in 20ms
 GET / 404 in 20ms
 GET / 404 in 22ms
 GET / 404 in 23ms
 GET / 404 in 27ms
 GET / 404 in 27ms
 GET / 404 in 20ms
 GET / 404 in 20ms
 GET / 404 in 44ms
 GET / 404 in 16ms
 GET / 404 in 17ms
 GET / 404 in 31ms
 GET / 404 in 19ms
 GET / 404 in 15ms
 GET / 404 in 18ms
 GET / 404 in 21ms
 GET / 404 in 29ms
 GET / 404 in 13ms
 GET / 404 in 16ms
 GET / 404 in 22ms
 GET / 404 in 31ms
 GET / 404 in 26ms
 GET / 404 in 24ms
 GET / 404 in 23ms
 GET / 404 in 16ms
 GET / 404 in 23ms
 GET / 404 in 26ms
 GET / 404 in 29ms
 GET / 404 in 22ms
 GET / 404 in 31ms
 GET / 404 in 31ms
 GET / 404 in 21ms
 GET / 404 in 23ms
 GET / 404 in 23ms
 GET / 404 in 21ms
 GET / 404 in 38ms
 GET / 404 in 26ms
 GET / 404 in 19ms
 GET / 404 in 17ms
 GET / 404 in 25ms
 GET / 404 in 18ms
 GET / 404 in 16ms
 GET / 404 in 36ms
 GET / 404 in 22ms
 GET / 404 in 24ms
 GET / 404 in 27ms
 GET / 404 in 11ms
 GET / 404 in 25ms
 GET / 404 in 26ms
 GET / 404 in 14ms
 GET / 404 in 24ms
 GET / 404 in 20ms
 GET / 404 in 24ms
 GET / 404 in 21ms
 GET / 404 in 24ms
 GET / 404 in 16ms
 GET / 404 in 22ms
 GET / 404 in 25ms
 GET / 404 in 22ms
 GET / 404 in 17ms
 GET / 404 in 21ms
 GET / 404 in 28ms
 GET / 404 in 19ms
 GET / 404 in 20ms
 GET / 404 in 30ms
 GET / 404 in 14ms
 GET / 404 in 10ms
 GET / 404 in 20ms
 GET / 404 in 21ms
 GET / 404 in 16ms
 GET / 404 in 12ms
 GET / 404 in 17ms
 GET / 404 in 71ms
 GET / 404 in 47ms
 GET / 404 in 160ms
 GET / 404 in 33ms
 GET / 404 in 25ms
 GET / 404 in 18ms
 GET / 404 in 20ms
 GET / 404 in 13ms
 GET / 404 in 23ms
 GET / 404 in 37ms
 GET / 404 in 22ms
 GET / 404 in 50ms
 GET / 404 in 23ms
 GET / 404 in 31ms
 GET / 404 in 25ms
 GET / 404 in 22ms
 GET / 404 in 20ms
 GET / 404 in 25ms
 GET / 404 in 16ms
 GET / 404 in 31ms
 GET / 404 in 15ms
 GET / 404 in 36ms
 GET / 404 in 10ms
 GET / 404 in 15ms
 GET / 404 in 16ms
 GET / 404 in 17ms
 GET / 404 in 16ms
 GET / 404 in 22ms
 GET / 404 in 8ms
 GET / 404 in 35ms
 GET / 404 in 16ms
 GET / 404 in 26ms
 GET / 404 in 20ms
 GET / 404 in 23ms
 GET / 404 in 20ms
 GET / 404 in 27ms
 GET / 404 in 18ms
 GET / 404 in 14ms
 GET / 404 in 25ms
 GET / 404 in 28ms
 GET / 404 in 20ms
 GET / 404 in 26ms
 GET / 404 in 19ms
 GET / 404 in 23ms
 GET / 404 in 18ms
 GET / 404 in 18ms
 GET / 404 in 27ms
 GET / 404 in 14ms
 GET / 404 in 21ms
 GET / 404 in 17ms
 GET / 404 in 20ms
 GET / 404 in 26ms
 GET / 404 in 25ms
 GET / 404 in 17ms
 GET / 404 in 21ms
 GET / 404 in 17ms
 GET / 404 in 18ms
 GET / 404 in 20ms
 GET / 404 in 15ms
 GET / 404 in 48ms
 GET / 404 in 20ms
 GET / 404 in 22ms
 GET / 404 in 17ms
 GET / 404 in 19ms
 GET / 404 in 18ms
 GET / 404 in 20ms
 GET / 404 in 16ms
 GET / 404 in 16ms
 GET / 404 in 18ms
 GET / 404 in 17ms
 GET / 404 in 13ms
 GET / 404 in 25ms
 GET / 404 in 19ms
 GET / 404 in 13ms
 GET / 404 in 32ms
 GET / 404 in 24ms
 GET / 404 in 18ms
 GET / 404 in 21ms
 GET / 404 in 20ms
 GET / 404 in 19ms
 GET / 404 in 29ms
 GET / 404 in 19ms
 GET / 404 in 31ms
 GET / 404 in 17ms
 GET / 404 in 22ms
 GET / 404 in 15ms
 GET / 404 in 18ms
 GET / 404 in 20ms
 GET / 404 in 18ms
 GET / 404 in 12ms
 GET / 404 in 20ms
 GET / 404 in 12ms
 GET / 404 in 29ms
 GET / 404 in 16ms
 GET / 404 in 29ms
 GET / 404 in 14ms
 GET / 404 in 21ms
 GET / 404 in 18ms
 GET / 404 in 20ms
 GET / 404 in 13ms
 GET / 404 in 25ms
 GET / 404 in 25ms
 GET / 404 in 18ms
 GET / 404 in 22ms
 GET / 404 in 24ms
 GET / 404 in 23ms
 GET / 404 in 15ms
 GET / 404 in 33ms
 GET / 404 in 14ms
 GET / 404 in 29ms
 GET / 404 in 25ms
 GET / 404 in 20ms
 GET / 404 in 20ms
 GET / 404 in 18ms
 GET / 404 in 16ms
 GET / 404 in 24ms
 GET / 404 in 24ms
 GET / 404 in 13ms
 GET / 404 in 15ms
 GET / 404 in 30ms
 GET / 404 in 19ms
 GET / 404 in 20ms
 GET / 404 in 40ms
 GET / 404 in 22ms
 GET / 404 in 25ms
 GET / 404 in 23ms
 GET / 404 in 15ms
 GET / 404 in 19ms
 GET / 404 in 21ms
 GET / 404 in 22ms
 GET / 404 in 21ms
 GET / 404 in 20ms
 GET / 404 in 15ms
 GET / 404 in 22ms
 GET / 404 in 20ms
 GET / 404 in 19ms
 GET / 404 in 19ms
 GET / 404 in 28ms
 GET / 404 in 15ms
 GET / 404 in 39ms
 GET / 404 in 24ms
 GET / 404 in 17ms
 GET / 404 in 23ms
 GET / 404 in 23ms
 GET / 404 in 13ms
 GET / 404 in 13ms
 GET / 404 in 14ms
 GET / 404 in 24ms
 GET / 404 in 20ms
 GET / 404 in 16ms
 GET / 404 in 16ms
 GET / 404 in 19ms
 GET / 404 in 18ms
 GET / 404 in 23ms
 GET / 404 in 21ms
 GET / 404 in 12ms
 GET / 404 in 29ms
 GET / 404 in 24ms
 GET / 404 in 18ms
 GET / 404 in 20ms
 GET / 404 in 25ms
 GET / 404 in 16ms
 GET / 404 in 16ms
 GET / 404 in 15ms
 GET / 404 in 21ms
 GET / 404 in 33ms
 GET / 404 in 22ms
 GET / 404 in 17ms
 GET / 404 in 20ms
 GET / 404 in 18ms
 GET / 404 in 19ms
 GET / 404 in 23ms
 GET / 404 in 26ms
 GET / 404 in 12ms
 GET / 404 in 20ms
 GET / 404 in 18ms
 GET / 404 in 13ms
 GET / 404 in 22ms
 GET / 404 in 19ms
 GET / 404 in 16ms
 GET / 404 in 95ms
 GET / 404 in 31ms
 GET / 404 in 14ms
 GET / 404 in 18ms
 GET / 404 in 18ms
 GET / 404 in 19ms
 GET / 404 in 17ms
 GET / 404 in 18ms
 GET / 404 in 17ms
 GET / 404 in 27ms
 GET / 404 in 22ms
 GET / 404 in 19ms
 GET / 404 in 32ms
 GET / 404 in 26ms
 GET / 404 in 17ms
 GET / 404 in 22ms
 GET / 404 in 20ms
 GET / 404 in 20ms
 GET / 404 in 26ms
 GET / 404 in 8ms
 GET / 404 in 22ms
 GET / 404 in 16ms
 GET / 404 in 18ms
 GET / 404 in 17ms
 GET / 404 in 16ms
 GET / 404 in 22ms
 GET / 404 in 13ms
 GET / 404 in 19ms
 GET / 404 in 26ms
 GET / 404 in 14ms
 GET / 404 in 26ms
 GET / 404 in 23ms
 GET / 404 in 20ms
 GET / 404 in 44ms
 GET / 404 in 12ms
 GET / 404 in 20ms
 GET / 404 in 18ms
 GET / 404 in 14ms
 GET / 404 in 20ms
 GET / 404 in 21ms
 GET / 404 in 13ms
 GET / 404 in 15ms
 GET / 404 in 19ms
 GET / 404 in 14ms
 GET / 404 in 21ms
 GET / 404 in 17ms
 GET / 404 in 16ms
 GET / 404 in 15ms
 GET / 404 in 26ms
 GET / 404 in 16ms
 GET / 404 in 18ms
 GET / 404 in 16ms
 GET / 404 in 23ms
 GET / 404 in 16ms
 GET / 404 in 31ms
 GET / 404 in 17ms
 GET / 404 in 22ms
 GET / 404 in 22ms
 GET / 404 in 17ms
 GET / 404 in 15ms
 GET / 404 in 19ms
 GET / 404 in 16ms
 GET / 404 in 17ms
 GET / 404 in 22ms
 GET / 404 in 29ms
 GET / 404 in 19ms
 GET / 404 in 29ms
 GET / 404 in 20ms
 GET / 404 in 24ms
 GET / 404 in 22ms
 GET / 404 in 16ms
 GET / 404 in 19ms
 GET / 404 in 26ms
 GET / 404 in 21ms
 GET / 404 in 30ms
 GET / 404 in 18ms
 GET / 404 in 16ms
 GET / 404 in 34ms
 GET / 404 in 11ms
 GET / 404 in 37ms
 GET / 404 in 26ms
 GET / 404 in 25ms
 GET / 404 in 25ms
 GET / 404 in 25ms
 GET / 404 in 19ms
 GET / 404 in 36ms
 GET / 404 in 19ms
 GET / 404 in 18ms
 GET / 404 in 16ms
 GET / 404 in 22ms
 GET / 404 in 31ms
 GET / 404 in 32ms
 GET / 404 in 15ms
 GET / 404 in 18ms
 GET / 404 in 23ms
 GET / 404 in 26ms
 GET / 404 in 17ms
 GET / 404 in 22ms
 GET / 404 in 15ms
 GET / 404 in 20ms
 GET / 404 in 19ms
 GET / 404 in 13ms
 GET / 404 in 16ms
 GET / 404 in 12ms
 GET / 404 in 23ms
 GET / 404 in 18ms
 GET / 404 in 27ms
 GET / 404 in 33ms
 GET / 404 in 17ms
 GET / 404 in 13ms
 GET / 404 in 32ms
 GET / 404 in 22ms
 GET / 404 in 12ms
 GET / 404 in 20ms
 GET / 404 in 15ms
 GET / 404 in 10ms
 GET / 404 in 16ms
 GET / 404 in 17ms
 GET / 404 in 13ms
 GET / 404 in 24ms
 GET / 404 in 14ms
 GET / 404 in 12ms
 GET / 404 in 17ms
 GET / 404 in 25ms
 GET / 404 in 18ms
 GET / 404 in 19ms
 GET / 404 in 27ms
 GET / 404 in 32ms
 GET / 404 in 16ms
 GET / 404 in 20ms
 GET / 404 in 24ms
 GET / 404 in 32ms
 GET / 404 in 17ms
 GET / 404 in 16ms
 GET / 404 in 16ms
 GET / 404 in 22ms
 GET / 404 in 13ms
 GET / 404 in 13ms
 GET / 404 in 17ms
 GET / 404 in 31ms
 GET / 404 in 19ms
 GET / 404 in 14ms
 GET / 404 in 17ms
 GET / 404 in 21ms
 GET / 404 in 18ms
 GET / 404 in 20ms
 GET / 404 in 19ms
 GET / 404 in 16ms
 GET / 404 in 16ms
 GET / 404 in 17ms
 GET / 404 in 14ms
 GET / 404 in 18ms
 GET / 404 in 21ms
 GET / 404 in 20ms
 GET / 404 in 15ms
 GET / 404 in 19ms
 GET / 404 in 13ms
 GET / 404 in 17ms
 GET / 404 in 21ms
 GET / 404 in 19ms
 GET / 404 in 22ms
 GET / 404 in 17ms
 GET / 404 in 15ms
 GET / 404 in 19ms
 GET / 404 in 19ms
 GET / 404 in 13ms
 GET / 404 in 19ms
 GET / 404 in 16ms
 GET / 404 in 17ms
 GET / 404 in 36ms
 GET / 404 in 20ms
 GET / 404 in 10ms
 GET / 404 in 20ms
 GET / 404 in 19ms
 GET / 404 in 16ms
 GET / 404 in 18ms
 GET / 404 in 22ms
 GET / 404 in 16ms
 GET / 404 in 14ms
 GET / 404 in 17ms
 GET / 404 in 19ms
 GET / 404 in 21ms
 GET / 404 in 16ms
 GET / 404 in 16ms
 GET / 404 in 334ms
 GET / 404 in 140ms
 GET / 404 in 94ms
 GET / 404 in 24ms
 GET / 404 in 22ms
 GET / 404 in 13ms
 GET / 404 in 19ms
 GET / 404 in 16ms
 GET / 404 in 14ms
 GET / 404 in 15ms
 GET / 404 in 19ms
 GET / 404 in 13ms
 GET / 404 in 18ms
 GET / 404 in 18ms
 GET / 404 in 12ms
 GET / 404 in 183ms
 GET / 404 in 132ms
 GET / 404 in 19ms
 GET / 404 in 22ms
 GET / 404 in 19ms
 GET / 404 in 11ms
 GET / 404 in 17ms
 GET / 404 in 17ms
 GET / 404 in 13ms
 GET / 404 in 19ms
 GET / 404 in 30ms
 GET / 404 in 21ms
 GET / 404 in 24ms
 GET / 404 in 24ms
 GET / 404 in 14ms
 GET / 404 in 20ms
 GET / 404 in 14ms
 GET / 404 in 22ms
 GET / 404 in 17ms
 GET / 404 in 27ms
 GET / 404 in 14ms
 GET / 404 in 19ms
 GET / 404 in 21ms
 GET / 404 in 19ms
 GET / 404 in 30ms
 GET / 404 in 19ms
 GET / 404 in 15ms
 GET / 404 in 24ms
 GET / 404 in 30ms
 GET / 404 in 7ms
 GET / 404 in 24ms
 GET / 404 in 35ms
 GET / 404 in 14ms
 GET / 404 in 20ms
 GET / 404 in 19ms
 GET / 404 in 20ms
 GET / 404 in 34ms
 GET / 404 in 30ms
 GET / 404 in 20ms
 GET / 404 in 19ms
 GET / 404 in 27ms
 GET / 404 in 22ms
 GET / 404 in 24ms
 GET / 404 in 28ms
 GET / 404 in 14ms
 GET / 404 in 20ms
 GET / 404 in 17ms
 GET / 404 in 23ms
 GET / 404 in 24ms
 GET / 404 in 22ms
 GET / 404 in 22ms
 GET / 404 in 26ms
 GET / 404 in 28ms
 GET / 404 in 16ms
 GET / 404 in 14ms
 GET / 404 in 21ms
 GET / 404 in 17ms
 GET / 404 in 31ms
 GET / 404 in 24ms
 GET / 404 in 21ms
 GET / 404 in 16ms
 GET / 404 in 24ms
 GET / 404 in 19ms
 GET / 404 in 21ms
 GET / 404 in 21ms
 GET / 404 in 13ms
 GET / 404 in 15ms
 GET / 404 in 32ms
 GET / 404 in 20ms
 GET / 404 in 20ms
 GET / 404 in 27ms
 GET / 404 in 18ms
 GET / 404 in 29ms
 GET / 404 in 30ms
 GET / 404 in 12ms
 GET / 404 in 32ms
 GET / 404 in 23ms
 GET / 404 in 22ms
 GET / 404 in 17ms
 GET / 404 in 18ms
 GET / 404 in 13ms
 GET / 404 in 18ms
 GET / 404 in 20ms
 GET / 404 in 13ms
 GET / 404 in 16ms
 GET / 404 in 17ms
 GET / 404 in 17ms
 GET / 404 in 24ms
 GET / 404 in 16ms
 GET / 404 in 12ms
 GET / 404 in 23ms
 GET / 404 in 17ms
 GET / 404 in 13ms
 GET / 404 in 28ms
 GET / 404 in 29ms
 GET / 404 in 39ms
 GET / 404 in 19ms
 GET / 404 in 18ms
 GET / 404 in 15ms
 GET / 404 in 15ms
 GET / 404 in 18ms
 GET / 404 in 17ms
 GET / 404 in 19ms
 GET / 404 in 13ms
 GET / 404 in 16ms
 GET / 404 in 23ms
 GET / 404 in 31ms
 GET / 404 in 19ms
 GET / 404 in 13ms
 GET / 404 in 25ms
 GET / 404 in 17ms
 GET / 404 in 16ms
 GET / 404 in 23ms
 GET / 404 in 17ms
 GET / 404 in 13ms
 GET / 404 in 14ms
 GET / 404 in 18ms
 GET / 404 in 15ms
 GET / 404 in 19ms
 GET / 404 in 14ms
 GET / 404 in 13ms
 GET / 404 in 20ms
 GET / 404 in 23ms
 GET / 404 in 14ms
 GET / 404 in 18ms
 GET / 404 in 22ms
 GET / 404 in 17ms
 GET / 404 in 13ms
 GET / 404 in 21ms
 GET / 404 in 15ms
 GET / 404 in 24ms
 GET / 404 in 14ms
 GET / 404 in 17ms
 GET / 404 in 14ms
 GET / 404 in 21ms
 GET / 404 in 17ms
 GET / 404 in 11ms
 GET / 404 in 25ms
 GET / 404 in 17ms
 GET / 404 in 22ms
 GET / 404 in 14ms
 GET / 404 in 16ms
 GET / 404 in 18ms
 GET / 404 in 21ms
 GET / 404 in 21ms
 GET / 404 in 21ms
 GET / 404 in 14ms
 GET / 404 in 24ms
 GET / 404 in 32ms
 GET / 404 in 27ms
 GET / 404 in 14ms
 GET / 404 in 13ms
 GET / 404 in 16ms
 GET / 404 in 20ms
 GET / 404 in 24ms
 GET / 404 in 16ms
 GET / 404 in 18ms
 GET / 404 in 13ms
 GET / 404 in 21ms
 GET / 404 in 18ms
 GET / 404 in 13ms
 GET / 404 in 19ms
 GET / 404 in 19ms
 GET / 404 in 18ms
 GET / 404 in 16ms
 GET / 404 in 16ms
 GET / 404 in 19ms
 GET / 404 in 15ms
 GET / 404 in 12ms
 GET / 404 in 15ms
 GET / 404 in 19ms
 GET / 404 in 13ms
 GET / 404 in 14ms
 GET / 404 in 16ms
 GET / 404 in 14ms
 GET / 404 in 35ms
 GET / 404 in 15ms
 GET / 404 in 13ms
 GET / 404 in 17ms
 GET / 404 in 16ms
 GET / 404 in 18ms
 GET / 404 in 17ms
 GET / 404 in 14ms
 GET / 404 in 17ms
 GET / 404 in 50ms
 GET / 404 in 28ms
 GET / 404 in 20ms
 GET / 404 in 33ms
 GET / 404 in 27ms
 GET / 404 in 20ms
 GET / 404 in 25ms
 GET / 404 in 21ms
 GET / 404 in 33ms
 GET / 404 in 25ms
 GET / 404 in 38ms
 GET / 404 in 31ms
 GET / 404 in 25ms
 GET / 404 in 32ms
 GET / 404 in 33ms
 GET / 404 in 37ms
 GET / 404 in 25ms
 GET / 404 in 29ms
 GET / 404 in 15ms
 GET / 404 in 22ms
 GET / 404 in 25ms
 GET / 404 in 16ms
 GET / 404 in 63ms
 GET / 404 in 6ms
 GET / 404 in 18ms
 GET / 404 in 24ms
 GET / 404 in 14ms
 GET / 404 in 27ms
 GET / 404 in 26ms
 GET / 404 in 18ms
 GET / 404 in 18ms
 GET / 404 in 21ms
 GET / 404 in 25ms
 GET / 404 in 25ms
 GET / 404 in 18ms
 GET / 404 in 27ms
 GET / 404 in 23ms
 GET / 404 in 20ms
 GET / 404 in 126ms
 GET / 404 in 8ms
 GET / 404 in 8ms
 GET / 404 in 12ms
 GET / 404 in 8ms
 GET / 404 in 8ms
 GET / 404 in 8ms
 GET / 404 in 8ms
 GET / 404 in 9ms
 GET / 404 in 9ms
 GET / 404 in 10ms
 GET / 404 in 8ms
 GET / 404 in 7ms
 GET / 404 in 6ms
 GET / 404 in 7ms
 GET / 404 in 9ms
 GET / 404 in 8ms
 GET / 404 in 9ms
 GET / 404 in 18ms
 GET / 404 in 16ms
 GET / 404 in 7ms
 GET / 404 in 8ms
 GET / 404 in 7ms
 GET / 404 in 7ms
 GET / 404 in 8ms
 GET / 404 in 7ms
 GET / 404 in 7ms
 GET / 404 in 9ms
 GET / 404 in 9ms
 GET / 404 in 7ms
 GET / 404 in 7ms
 GET / 404 in 7ms
 GET / 404 in 9ms
 GET / 404 in 8ms
 GET / 404 in 7ms
 GET / 404 in 13ms
 GET / 404 in 8ms
 GET / 404 in 8ms
 GET / 404 in 9ms
 GET / 404 in 7ms
 GET / 404 in 9ms
 GET / 404 in 8ms
 GET / 200 in 65ms
 GET / 200 in 49ms
 GET / 200 in 40ms
 GET / 200 in 25ms
[?25h
