
> banana-prototype-agent@0.1.0 dev
> next dev

 ⚠ Port 3000 is in use, trying 3001 instead.
 ⚠ Port 3001 is in use, trying 3002 instead.
 ⚠ Port 3002 is in use, trying 3003 instead.
  ▲ Next.js 14.2.35
  - Local:        http://localhost:3003
  - Environments: .en ○ Compiling / ...
 ✓ Compiled / in 6.8s (1078 modules)
 GET / 200 in 7198ms
 ✓ Compiled in 1626ms (1069 modules)
 ✓ Compiled in 870ms (1069 modules)
 ✓ Compiled in 4.2s (1069 modules)
 ✓ Compiled in 909ms (1069 modules)
 ✓ Compiled in 1456ms (1067 modules)
<w> [webpack.cache.PackFileCacheStrategy] Caching failed for pack: Error: ENOENT: no such file or directory, rename '/home/admin_ffrancois_altostrat_com/Desktop/Antigravity projects/apps/web/.next/cache/webpack/server-development/0.pack.gz_' -> '/home/admin_ffrancois_altostrat_com/Desktop/Antigravity projects/apps/web/.next/cache/webpack/server-development/0.pack.gz'
<w> [webpack.cache.PackFileCacheStrategy] Caching failed for pack: Error: ENOENT: no such file or directory, rename '/home/admin_ffrancois_altostrat_com/Desktop/Antigravity projects/apps/web/.next/cache/webpack/client-development/2.pack.gz_' -> '/home/admin_ffrancois_altostrat_com/Desktop/Antigravity projects/apps/web/.next/cache/webpack/client-development/2.pack.gz'
 ✓ Compiled in 664ms (1067 modules)
 ✓ Compiled in 560ms (1067 modules)
<w> [webpack.cache.PackFileCacheStrategy] Caching failed for pack: Error: ENOENT: no such file or directory, rename '/home/admin_ffrancois_altostrat_com/Desktop/Antigravity projects/apps/web/.next/cache/webpack/client-development/0.pack.gz_' -> '/home/admin_ffrancois_altostrat_com/Desktop/Antigravity projects/apps/web/.next/cache/webpack/client-development/0.pack.gz'
 ✓ Compiled in 3.6s (1067 modules)
 ✓ Compiled in 3.4s (1067 modules)
 ✓ Compiled in 728ms (1067 modules)
 ✓ Compiled in 1037ms (1067 modules)
<w> [webpack.cache.PackFileCacheStrategy] Caching failed for pack: Error: ENOENT: no such file or directory, rename '/home/admin_ffrancois_altostrat_com/Desktop/Antigravity projects/apps/web/.next/cache/webpack/client-development/0.pack.gz_' -> '/home/admin_ffrancois_altostrat_com/Desktop/Antigravity projects/apps/web/.next/cache/webpack/client-development/0.pack.gz'
 ✓ Compiled in 2.6s (1067 modules)
 ✓ Compiled in 977ms (1067 modules)
 ✓ Compiled in 550ms (1067 modules)
 ✓ Compiled in 3.2s (1067 modules)
 ⨯ ./components/ChatInterface.tsx
Error: 
  [31mx[0m Expression expected
     ,-[[36;1;4m/home/admin_ffrancois_altostrat_com/Desktop/Antigravity projects/apps/web/components/ChatInterface.tsx[0m:150:1]
 [2m150[0m |             {content}
 [2m151[0m |         </ReactMarkdown>
 [2m152[0m |     ), [markdownComponents]);
 [2m153[0m |         >
     : [31;1m        ^[0m
 [2m154[0m |         { content }
 [2m155[0m |         </ReactMarkdown >
 [2m156[0m |     ), []);
     `----

  [31mx[0m Expression expected
     ,-[[36;1;4m/home/admin_ffrancois_altostrat_com/Desktop/Antigravity projects/apps/web/components/ChatInterface.tsx[0m:152:1]
 [2m152[0m |     ), [markdownComponents]);
 [2m153[0m |         >
 [2m154[0m |         { content }
 [2m155[0m |         </ReactMarkdown >
     : [31;1m         ^[0m
 [2m156[0m |     ), []);
 [2m157[0m | 
 [2m158[0m | return (
     `----

  [31mx[0m Expression expected
     ,-[[36;1;4m/home/admin_ffrancois_altostrat_com/Desktop/Antigravity projects/apps/web/components/ChatInterface.tsx[0m:152:1]
 [2m152[0m |     ), [markdownComponents]);
 [2m153[0m |         >
 [2m154[0m |         { content }
 [2m155[0m |         </ReactMarkdown >
     : [31;1m          ^^^^^^^^^^^^^[0m
 [2m156[0m |     ), []);
 [2m157[0m | 
 [2m158[0m | return (
     `----

Caused by:
    Syntax Error

Import trace for requested module:
./components/ChatInterface.tsx
./app/page.tsx
 ✓ Compiled in 1012ms (1067 modules)
 ✓ Compiled in 1280ms (1067 modules)
 ✓ Compiled in 3s (1067 modules)
 ✓ Compiled in 1978ms (1067 modules)
