
> banana-prototype-agent@0.1.0 dev
> next dev

  ▲ Next.js 14.2.35
  - Local:        http://localhost:3000

 ✓ Starting...
 ✓ Ready in 1943ms
 ○ Compiling / ...
 ✓ Compiled / in 2.3s (821 modules)
 GET / 200 in 2987ms
 GET / 200 in 71ms
 GET / 200 in 63ms
 GET / 200 in 50ms
 GET / 200 in 39ms
 GET / 200 in 69ms
 GET / 200 in 38ms
 GET / 200 in 29ms
 GET / 200 in 32ms
 GET / 200 in 47ms
 GET / 200 in 29ms
 GET / 200 in 49ms
 GET / 200 in 63ms
 GET / 200 in 35ms
 GET / 200 in 40ms
 GET / 200 in 20ms
 ✓ Compiled in 570ms (821 modules)
 GET / 200 in 198ms
 GET / 200 in 37ms
 GET / 200 in 19ms
 GET / 200 in 16ms
 GET / 200 in 19ms
 ⨯ ./components/Sidebar.tsx
Error: 
  [31mx[0m Expected ';', '}' or <eof>
    ,-[[36;1;4m/home/admin_ffrancois_altostrat_com/Desktop/Antigravity projects/apps/web/components/Sidebar.tsx[0m:1:1]
 [2m 1[0m | [31;1m,[0m[31;1m-[0m[31;1m>[0m ```
 [2m 2[0m | [31;1m|[0m   import React from 'react';
 [2m 3[0m | [31;1m|[0m   import { MessageSquare, Plus, Menu, History, Sliders, HelpCircle, Gem, LayoutGrid, Settings } from 'lucide-react';
 [2m 4[0m | [31;1m|[0m   
 [2m 5[0m | [31;1m|[0m   interface SidebarProps {
 [2m 6[0m | [31;1m|[0m       isOpen: boolean;
 [2m 7[0m | [31;1m|[0m       setIsOpen: (isOpen: boolean) => void;
 [2m 8[0m | [31;1m|[0m       recentChats?: string[];
 [2m 9[0m | [31;1m|[0m   }
 [2m10[0m | [31;1m|[0m   
 [2m11[0m | [31;1m|[0m   export default function Sidebar({ isOpen, setIsOpen, recentChats = [] }: SidebarProps) {
 [2m12[0m | [31;1m|[0m       return (
 [2m13[0m | [31;1m|[0m[31;1m-[0m[31;1m>[0m         <div className={`fixed inset - y - 0 left - 0 z - 50 flex flex - col bg - [#1E1F20] text - [#E3E3E3] transition - all duration - 300 ease -in -out ${ isOpen ? 'w-[300px]' : 'w-[68px]' } border - r border - transparent`}>
    : [31;1m`[0m[31;1m---[0m[33;1m                         ^^^^^[0m
    : [31;1m`[0m[31;1m---[0m[31;1m-[0m [31;1mThis is the expression part of an expression statement[0m
 [2m14[0m |                 {/* Header / Menu Toggle */}
 [2m15[0m |                 <div className="p-4 flex items-center">
 [2m16[0m |                     <button 
    `----

Caused by:
    Syntax Error

Import trace for requested module:
./components/Sidebar.tsx
./app/page.tsx
 ○ Compiling /_error ...
 ⨯ ./components/Sidebar.tsx
Error: 
  [31mx[0m Expected ';', '}' or <eof>
    ,-[[36;1;4m/home/admin_ffrancois_altostrat_com/Desktop/Antigravity projects/apps/web/components/Sidebar.tsx[0m:1:1]
 [2m 1[0m | [31;1m,[0m[31;1m-[0m[31;1m>[0m ```
 [2m 2[0m | [31;1m|[0m   import React from 'react';
 [2m 3[0m | [31;1m|[0m   import { MessageSquare, Plus, Menu, History, Sliders, HelpCircle, Gem, LayoutGrid, Settings } from 'lucide-react';
 [2m 4[0m | [31;1m|[0m   
 [2m 5[0m | [31;1m|[0m   interface SidebarProps {
 [2m 6[0m | [31;1m|[0m       isOpen: boolean;
 [2m 7[0m | [31;1m|[0m       setIsOpen: (isOpen: boolean) => void;
 [2m 8[0m | [31;1m|[0m       recentChats?: string[];
 [2m 9[0m | [31;1m|[0m   }
 [2m10[0m | [31;1m|[0m   
 [2m11[0m | [31;1m|[0m   export default function Sidebar({ isOpen, setIsOpen, recentChats = [] }: SidebarProps) {
 [2m12[0m | [31;1m|[0m       return (
 [2m13[0m | [31;1m|[0m[31;1m-[0m[31;1m>[0m         <div className={`fixed inset - y - 0 left - 0 z - 50 flex flex - col bg - [#1E1F20] text - [#E3E3E3] transition - all duration - 300 ease -in -out ${ isOpen ? 'w-[300px]' : 'w-[68px]' } border - r border - transparent`}>
    : [31;1m`[0m[31;1m---[0m[33;1m                         ^^^^^[0m
    : [31;1m`[0m[31;1m---[0m[31;1m-[0m [31;1mThis is the expression part of an expression statement[0m
 [2m14[0m |                 {/* Header / Menu Toggle */}
 [2m15[0m |                 <div className="p-4 flex items-center">
 [2m16[0m |                     <button 
    `----

Caused by:
    Syntax Error

Import trace for requested module:
./components/Sidebar.tsx
./app/page.tsx
 GET / 500 in 3152ms
 GET / 500 in 32ms
 GET / 500 in 32ms
 GET / 500 in 69ms
 GET / 500 in 111ms
 GET / 500 in 122ms
 GET / 500 in 84ms
 GET / 500 in 122ms
 GET / 500 in 74ms
 GET / 500 in 64ms
 GET / 500 in 75ms
 GET / 500 in 197ms
 ⨯ ./components/Sidebar.tsx
Error: 
  [31mx[0m Expected ';', '}' or <eof>
    ,-[[36;1;4m/home/admin_ffrancois_altostrat_com/Desktop/Antigravity projects/apps/web/components/Sidebar.tsx[0m:1:1]
 [2m 1[0m | [31;1m,[0m[31;1m-[0m[31;1m>[0m ```
 [2m 2[0m | [31;1m|[0m   import React from 'react';
 [2m 3[0m | [31;1m|[0m   import { MessageSquare, Plus, Menu, History, Sliders, HelpCircle, Gem, LayoutGrid, Settings } from 'lucide-react';
 [2m 4[0m | [31;1m|[0m   
 [2m 5[0m | [31;1m|[0m   interface SidebarProps {
 [2m 6[0m | [31;1m|[0m       isOpen: boolean;
 [2m 7[0m | [31;1m|[0m       setIsOpen: (isOpen: boolean) => void;
 [2m 8[0m | [31;1m|[0m       recentChats?: string[];
 [2m 9[0m | [31;1m|[0m   }
 [2m10[0m | [31;1m|[0m   
 [2m11[0m | [31;1m|[0m   export default function Sidebar({ isOpen, setIsOpen, recentChats = [] }: SidebarProps) {
 [2m12[0m | [31;1m|[0m       return (
 [2m13[0m | [31;1m|[0m[31;1m-[0m[31;1m>[0m         <div className={`fixed inset - y - 0 left - 0 z - 50 flex flex - col bg - [#1E1F20] text - [#E3E3E3] transition - all duration - 300 ease -in -out ${ isOpen ? 'w-[300px]' : 'w-[68px]' } border - r border - transparent`}>
    : [31;1m`[0m[31;1m---[0m[33;1m                         ^^^^^[0m
    : [31;1m`[0m[31;1m---[0m[31;1m-[0m [31;1mThis is the expression part of an expression statement[0m
 [2m14[0m |                 {/* Header / Menu Toggle */}
 [2m15[0m |                 <div className="p-4 flex items-center">
 [2m16[0m |                     <button 
    `----

Caused by:
    Syntax Error

Import trace for requested module:
./components/Sidebar.tsx
./app/page.tsx
 GET / 500 in 7ms
 ✓ Compiled /_error in 1308ms (1064 modules)
 ○ Compiling /_not-found ...
 ✓ Compiled /_not-found in 1375ms (1067 modules)
 ⚠ Fast Refresh had to perform a full reload due to a runtime error.
 ⚠ Fast Refresh had to perform a full reload due to a runtime error.
 GET /_next/static/webpack/24a42dbab2cb2188.webpack.hot-update.json 404 in 1611ms
 GET /_next/static/webpack/24a42dbab2cb2188.webpack.hot-update.json 404 in 1610ms
 ⚠ Fast Refresh had to perform a full reload due to a runtime error.
 GET /_next/static/webpack/24a42dbab2cb2188.webpack.hot-update.json 404 in 216ms
 GET / 200 in 221ms
 GET / 200 in 243ms
 ⚠ Fast Refresh had to perform a full reload due to a runtime error.
 GET /_next/static/webpack/24a42dbab2cb2188.webpack.hot-update.json 404 in 179ms
 GET / 200 in 230ms
 ⚠ Fast Refresh had to perform a full reload due to a runtime error.
 GET /_next/static/webpack/24a42dbab2cb2188.webpack.hot-update.json 404 in 189ms
 ⚠ Fast Refresh had to perform a full reload due to a runtime error.
 GET / 200 in 230ms
 GET /_next/static/webpack/24a42dbab2cb2188.webpack.hot-update.json 404 in 192ms
 ⚠ Fast Refresh had to perform a full reload due to a runtime error.
 GET / 200 in 213ms
 GET /_next/static/webpack/24a42dbab2cb2188.webpack.hot-update.json 404 in 177ms
 GET / 200 in 206ms
 ⚠ Fast Refresh had to perform a full reload due to a runtime error.
 GET /_next/static/webpack/24a42dbab2cb2188.webpack.hot-update.json 404 in 194ms
 GET / 200 in 246ms
 ⚠ Fast Refresh had to perform a full reload due to a runtime error.
 GET /_next/static/webpack/24a42dbab2cb2188.webpack.hot-update.json 404 in 151ms
 ⚠ Fast Refresh had to perform a full reload due to a runtime error.
 GET / 200 in 166ms
 GET /_next/static/webpack/24a42dbab2cb2188.webpack.hot-update.json 404 in 109ms
 ⚠ Fast Refresh had to perform a full reload due to a runtime error.
 GET / 200 in 179ms
 GET /_next/static/webpack/24a42dbab2cb2188.webpack.hot-update.json 404 in 164ms
 ⚠ Fast Refresh had to perform a full reload due to a runtime error.
 GET / 404 in 115ms
 GET / 404 in 97ms
 GET / 404 in 148ms
 GET / 404 in 129ms
 GET / 404 in 81ms
 GET / 404 in 26ms
 GET / 404 in 27ms
 GET / 404 in 8ms
 GET / 404 in 8ms
 GET / 404 in 16ms
 GET / 404 in 16ms
 GET / 404 in 16ms
 GET / 404 in 7ms
 GET / 404 in 6ms
 GET / 404 in 17ms
 GET / 404 in 48ms
 GET / 404 in 29ms
 GET / 404 in 16ms
 GET / 404 in 4ms
 GET / 404 in 5ms
 GET / 404 in 4ms
 GET / 404 in 5ms
 GET / 404 in 4ms
 GET / 404 in 4ms
 GET / 404 in 6ms
 GET / 404 in 3ms
 GET / 404 in 4ms
 GET / 404 in 13ms
 GET / 404 in 7ms
 GET / 404 in 6ms
 GET / 404 in 6ms
 GET / 404 in 6ms
 GET / 404 in 5ms
 GET / 404 in 5ms
 GET / 404 in 4ms
 GET / 404 in 5ms
 GET / 404 in 4ms
 GET / 404 in 4ms
 GET / 404 in 6ms
 GET / 404 in 24ms
 GET / 404 in 13ms
 GET / 404 in 10ms
 GET / 200 in 142ms
 GET / 200 in 87ms
 GET / 200 in 41ms
 GET / 200 in 35ms
 GET / 200 in 40ms
 GET / 200 in 90ms
 ✓ Compiled in 856ms (1056 modules)
<w> [webpack.cache.PackFileCacheStrategy] Caching failed for pack: Error: ENOENT: no such file or directory, rename '/home/admin_ffrancois_altostrat_com/Desktop/Antigravity projects/apps/web/.next/cache/webpack/client-development/10.pack.gz_' -> '/home/admin_ffrancois_altostrat_com/Desktop/Antigravity projects/apps/web/.next/cache/webpack/client-development/10.pack.gz'
[?25h
