
> banana-prototype-agent@0.1.0 dev
> next dev

  ▲ Next.js 14.2.35
  - Local:        http://localhost:3000
  - Environments: .env.local

 ✓ Starting...
 ✓ Ready in 1343ms
 ○ Compiling / ...
 ✓ Compiled / in 976ms (1063 modules)
 GET / 200 in 1165ms
 GET / 200 in 36ms
 GET / 200 in 58ms
 GET / 200 in 29ms
 GET / 200 in 36ms
 ✓ Compiled /_not-found in 355ms (1066 modules)
 GET /user/login 404 in 423ms
 ✓ Compiled in 1132ms (1077 modules)
 ✓ Compiled in 477ms (1077 modules)
 GET / 200 in 124ms
 ✓ Compiled in 412ms (1077 modules)
 ✓ Compiled in 892ms (1077 modules)
